<?xml version="1.0" encoding="UTF-8"?><testsuite errors="0" failures="0" name="Juan Camilo Desea Automatizar la pagina y realizar una compra" skipped="0" tests="6" time="105.59" timestamp="2022-11-04 10:45:12"><testcase name="Realiza el primer ingreso al carrito"/><testcase name="Juan Camilo agrega dos productos al carrito"/><testcase name="Juan Camilo agrega 3 productos al carrito"/><testcase name="Juan Camilo agrega 4 productos al carrito"/><testcase name="Juan Camilo agrega 5 productos al carrito"/><testcase name="Juan Camilo agrega 6 productos al carrito"/></testsuite>